2020-04-12 13:26:52.948  INFO 13620 --- [main] t.e.s.SpringBootDariOussemaApplication   : Starting SpringBootDariOussemaApplication on DESKTOP-PS48L21 with PID 13620 (C:\Users\dot\stsworkplace\spring-boot-dari-oussema\target\classes started by dot in C:\Users\dot\stsworkplace\spring-boot-dari-oussema)
2020-04-12 13:26:52.949  INFO 13620 --- [main] t.e.s.SpringBootDariOussemaApplication   : No active profile set, falling back to default profiles: default
2020-04-12 13:26:54.239  INFO 13620 --- [main] .s.d.r.c.RepositoryConfigurationDelegate : Bootstrapping Spring Data repositories in DEFAULT mode.
2020-04-12 13:26:54.313  INFO 13620 --- [main] .s.d.r.c.RepositoryConfigurationDelegate : Finished Spring Data repository scanning in 59ms. Found 1 repository interfaces.
2020-04-12 13:26:54.597  INFO 13620 --- [main] trationDelegate$BeanPostProcessorChecker : Bean 'org.springframework.transaction.annotation.ProxyTransactionManagementConfiguration' of type [org.springframework.transaction.annotation.ProxyTransactionManagementConfiguration] is not eligible for getting processed by all BeanPostProcessors (for example: not eligible for auto-proxying)
2020-04-12 13:26:54.825  INFO 13620 --- [main] o.s.b.w.embedded.tomcat.TomcatWebServer  : Tomcat initialized with port(s): 8084 (http)
2020-04-12 13:26:54.840  INFO 13620 --- [main] o.apache.catalina.core.StandardService   : Starting service [Tomcat]
2020-04-12 13:26:54.840  INFO 13620 --- [main] org.apache.catalina.core.StandardEngine  : Starting Servlet engine: [Apache Tomcat/9.0.27]
2020-04-12 13:26:54.956  INFO 13620 --- [main] o.a.c.c.C.[.[.[/SpringRegister]          : Initializing Spring embedded WebApplicationContext
2020-04-12 13:26:54.957  INFO 13620 --- [main] o.s.web.context.ContextLoader            : Root WebApplicationContext: initialization completed in 1947 ms
2020-04-12 13:26:55.198  INFO 13620 --- [main] o.hibernate.jpa.internal.util.LogHelper  : HHH000204: Processing PersistenceUnitInfo [name: default]
2020-04-12 13:26:55.304  INFO 13620 --- [main] org.hibernate.Version                    : HHH000412: Hibernate Core {5.4.8.Final}
2020-04-12 13:26:55.555  INFO 13620 --- [main] o.hibernate.annotations.common.Version   : HCANN000001: Hibernate Commons Annotations {5.1.0.Final}
2020-04-12 13:26:55.692  INFO 13620 --- [main] com.zaxxer.hikari.HikariDataSource       : HikariPool-1 - Starting...
2020-04-12 13:26:55.992  INFO 13620 --- [main] com.zaxxer.hikari.HikariDataSource       : HikariPool-1 - Start completed.
2020-04-12 13:26:56.005  INFO 13620 --- [main] org.hibernate.dialect.Dialect            : HHH000400: Using dialect: org.hibernate.dialect.MySQL5InnoDBDialect
2020-04-12 13:26:56.852  INFO 13620 --- [main] o.h.e.t.j.p.i.JtaPlatformInitiator       : HHH000490: Using JtaPlatform implementation: [org.hibernate.engine.transaction.jta.platform.internal.NoJtaPlatform]
2020-04-12 13:26:56.869  INFO 13620 --- [main] j.LocalContainerEntityManagerFactoryBean : Initialized JPA EntityManagerFactory for persistence unit 'default'
2020-04-12 13:26:57.270  WARN 13620 --- [main] JpaBaseConfiguration$JpaWebConfiguration : spring.jpa.open-in-view is enabled by default. Therefore, database queries may be performed during view rendering. Explicitly configure spring.jpa.open-in-view to disable this warning
2020-04-12 13:26:57.422  INFO 13620 --- [main] o.s.s.concurrent.ThreadPoolTaskExecutor  : Initializing ExecutorService 'applicationTaskExecutor'
2020-04-12 13:26:57.812  INFO 13620 --- [main] o.s.b.w.embedded.tomcat.TomcatWebServer  : Tomcat started on port(s): 8084 (http) with context path '/SpringRegister'
2020-04-12 13:26:57.815  INFO 13620 --- [main] t.e.s.SpringBootDariOussemaApplication   : Started SpringBootDariOussemaApplication in 5.501 seconds (JVM running for 6.495)
2020-04-12 13:27:28.424  INFO 13620 --- [http-nio-8084-exec-2] o.a.c.c.C.[.[.[/SpringRegister]          : Initializing Spring DispatcherServlet 'dispatcherServlet'
2020-04-12 13:27:28.425  INFO 13620 --- [http-nio-8084-exec-2] o.s.web.servlet.DispatcherServlet        : Initializing Servlet 'dispatcherServlet'
2020-04-12 13:27:28.434  INFO 13620 --- [http-nio-8084-exec-2] o.s.web.servlet.DispatcherServlet        : Completed initialization in 9 ms
